app/build/intermediates/manifest_merge_blame_file/debug/manifest-merger-blame-debug-report.txt
1<?xml version="1.0" encoding="utf-8"?>
2<manifest xmlns:android="http://schemas.android.com/apk/res/android"
3    package="com.basic.appjam"
4    android:versionCode="1"
5    android:versionName="1.0" >
6
7    <uses-sdk
8        android:minSdkVersion="23"
8-->src\main\AndroidManifest.xml
9        android:targetSdkVersion="29" />
9-->src\main\AndroidManifest.xml
10
11    <uses-permission android:name="android.permission.ACCESS_FINE_LOCATION" />
11-->src\main\AndroidManifest.xml:5:5-79
11-->src\main\AndroidManifest.xml:5:22-76
12    <uses-permission android:name="android.permission.ACCESS_COARSE_LOCATION" />
12-->src\main\AndroidManifest.xml:6:5-81
12-->src\main\AndroidManifest.xml:6:22-78
13    <uses-permission android:name="android.permission.ACCESS_NETWORK_STATE" />
13-->[io.realm:realm-android-library-object-server:4.3.1] AndroidManifest.xml:10:5-79
13-->[io.realm:realm-android-library-object-server:4.3.1] AndroidManifest.xml:10:22-76
14    <uses-permission android:name="android.permission.INTERNET" />
14-->[io.realm:realm-android-library-object-server:4.3.1] AndroidManifest.xml:11:5-67
14-->[io.realm:realm-android-library-object-server:4.3.1] AndroidManifest.xml:11:22-64
15
16    <uses-feature
16-->[com.naver.maps:map-sdk:3.6.0] AndroidManifest.xml:11:5-13:35
17        android:glEsVersion="0x00020000"
17-->[com.naver.maps:map-sdk:3.6.0] AndroidManifest.xml:12:9-41
18        android:required="true" />
18-->[com.naver.maps:map-sdk:3.6.0] AndroidManifest.xml:13:9-32
19    <uses-feature
19-->[com.naver.maps:map-sdk:3.6.0] AndroidManifest.xml:14:5-16:36
20        android:name="android.hardware.wifi"
20-->[com.naver.maps:map-sdk:3.6.0] AndroidManifest.xml:15:9-45
21        android:required="false" />
21-->[com.naver.maps:map-sdk:3.6.0] AndroidManifest.xml:16:9-33
22
23    <uses-permission android:name="android.permission.ACCESS_WIFI_STATE" />
23-->[com.naver.maps:map-sdk:3.6.0] AndroidManifest.xml:20:5-76
23-->[com.naver.maps:map-sdk:3.6.0] AndroidManifest.xml:20:22-73
24
25    <application
25-->src\main\AndroidManifest.xml:8:5-35:19
26        android:name="com.basic.appjam.MyApplication"
26-->src\main\AndroidManifest.xml:14:9-38
27        android:allowBackup="true"
27-->src\main\AndroidManifest.xml:9:9-35
28        android:appComponentFactory="androidx.core.app.CoreComponentFactory"
28-->[androidx.core:core:1.2.0-rc01] AndroidManifest.xml:24:18-86
29        android:debuggable="true"
30        android:icon="@mipmap/ic_launcher"
30-->src\main\AndroidManifest.xml:10:9-43
31        android:label="@string/app_name"
31-->src\main\AndroidManifest.xml:11:9-41
32        android:roundIcon="@mipmap/ic_launcher_round"
32-->src\main\AndroidManifest.xml:12:9-54
33        android:supportsRtl="true"
33-->src\main\AndroidManifest.xml:13:9-35
34        android:testOnly="true"
35        android:theme="@style/AppTheme" >
35-->src\main\AndroidManifest.xml:15:9-40
36        <meta-data
36-->src\main\AndroidManifest.xml:16:9-18:42
37            android:name="com.naver.maps.map.CLIENT_ID"
37-->src\main\AndroidManifest.xml:17:13-56
38            android:value="7k5c34qnyp" />
38-->src\main\AndroidManifest.xml:18:13-39
39
40        <activity
40-->src\main\AndroidManifest.xml:21:9-22:50
41            android:name="com.basic.appjam.MemoEdit"
41-->src\main\AndroidManifest.xml:21:19-43
42            android:launchMode="singleInstance" />
42-->src\main\AndroidManifest.xml:22:13-48
43        <activity
43-->src\main\AndroidManifest.xml:23:9-24:60
44            android:name="com.basic.appjam.MemoDetail"
44-->src\main\AndroidManifest.xml:23:19-45
45            android:launchMode="singleInstance" />
45-->src\main\AndroidManifest.xml:24:13-48
46        <activity
46-->src\main\AndroidManifest.xml:25:9-33:20
47            android:name="com.basic.appjam.MainActivity"
47-->src\main\AndroidManifest.xml:25:19-47
48            android:launchMode="singleInstance" >
48-->src\main\AndroidManifest.xml:26:13-48
49            <intent-filter>
49-->src\main\AndroidManifest.xml:28:13-32:29
50                <action android:name="android.intent.action.MAIN" />
50-->src\main\AndroidManifest.xml:29:17-69
50-->src\main\AndroidManifest.xml:29:25-66
51
52                <category android:name="android.intent.category.LAUNCHER" />
52-->src\main\AndroidManifest.xml:31:17-76
52-->src\main\AndroidManifest.xml:31:27-74
53            </intent-filter>
54        </activity>
55        <activity
55-->[com.naver.maps:map-sdk:3.6.0] AndroidManifest.xml:23:9-27:51
56            android:name="com.naver.maps.map.app.LegendActivity"
56-->[com.naver.maps:map-sdk:3.6.0] AndroidManifest.xml:24:13-65
57            android:configChanges="screenSize|smallestScreenSize|screenLayout|orientation"
57-->[com.naver.maps:map-sdk:3.6.0] AndroidManifest.xml:25:13-91
58            android:label="@string/navermap_legend"
58-->[com.naver.maps:map-sdk:3.6.0] AndroidManifest.xml:26:13-52
59            android:theme="@style/navermap_app" />
59-->[com.naver.maps:map-sdk:3.6.0] AndroidManifest.xml:27:13-48
60        <activity
60-->[com.naver.maps:map-sdk:3.6.0] AndroidManifest.xml:28:9-32:51
61            android:name="com.naver.maps.map.app.LegalNoticeActivity"
61-->[com.naver.maps:map-sdk:3.6.0] AndroidManifest.xml:29:13-70
62            android:configChanges="screenSize|smallestScreenSize|screenLayout|orientation"
62-->[com.naver.maps:map-sdk:3.6.0] AndroidManifest.xml:30:13-91
63            android:label="@string/navermap_legal_notice"
63-->[com.naver.maps:map-sdk:3.6.0] AndroidManifest.xml:31:13-58
64            android:theme="@style/navermap_app" />
64-->[com.naver.maps:map-sdk:3.6.0] AndroidManifest.xml:32:13-48
65        <activity
65-->[com.naver.maps:map-sdk:3.6.0] AndroidManifest.xml:33:9-37:51
66            android:name="com.naver.maps.map.app.OpenSourceLicenseActivity"
66-->[com.naver.maps:map-sdk:3.6.0] AndroidManifest.xml:34:13-76
67            android:configChanges="screenSize|smallestScreenSize|screenLayout|orientation"
67-->[com.naver.maps:map-sdk:3.6.0] AndroidManifest.xml:35:13-91
68            android:label="@string/navermap_open_source_license"
68-->[com.naver.maps:map-sdk:3.6.0] AndroidManifest.xml:36:13-65
69            android:theme="@style/navermap_app" />
69-->[com.naver.maps:map-sdk:3.6.0] AndroidManifest.xml:37:13-48
70        <activity
70-->[gun0912.ted:tedpermission:2.0.0] AndroidManifest.xml:10:9-12:67
71            android:name="com.gun0912.tedpermission.TedPermissionActivity"
71-->[gun0912.ted:tedpermission:2.0.0] AndroidManifest.xml:11:13-75
72            android:theme="@style/Theme.Transparent.Permission" />
72-->[gun0912.ted:tedpermission:2.0.0] AndroidManifest.xml:12:13-64
73        <activity
73-->[com.google.android.gms:play-services-base:16.0.1] AndroidManifest.xml:23:9-26:75
74            android:name="com.google.android.gms.common.api.GoogleApiActivity"
74-->[com.google.android.gms:play-services-base:16.0.1] AndroidManifest.xml:24:13-79
75            android:exported="false"
75-->[com.google.android.gms:play-services-base:16.0.1] AndroidManifest.xml:25:13-37
76            android:theme="@android:style/Theme.Translucent.NoTitleBar" />
76-->[com.google.android.gms:play-services-base:16.0.1] AndroidManifest.xml:26:13-72
77
78        <meta-data
78-->[com.google.android.gms:play-services-basement:16.0.1] AndroidManifest.xml:23:9-25:69
79            android:name="com.google.android.gms.version"
79-->[com.google.android.gms:play-services-basement:16.0.1] AndroidManifest.xml:24:13-58
80            android:value="@integer/google_play_services_version" />
80-->[com.google.android.gms:play-services-basement:16.0.1] AndroidManifest.xml:25:13-66
81    </application>
82
83</manifest>